<?xml version="1.0" encoding="UTF-8"?>
<robot generator="Robot 7.4.1 (Python 3.14.3 on win32)" generated="2026-03-10T08:49:36.494748" rpa="false" schemaversion="5">
<suite id="s1" name="Cadastro-De-Produtos" source="C:\testes\robotframework-projeto02\tests\cadastro-de-produtos.robot">
<test id="s1-t1" name="Scenario: Cadastro de produto realizado com sucesso" line="11">
<kw name="Given Eu estou na página de login do usuário">
<kw name="Open Browser" owner="SeleniumLibrary">
<msg time="2026-03-10T08:49:36.719847" level="INFO">Opening browser 'chrome' to base url 'https://cotiaws.github.io/projet-estoque/index.html'.</msg>
<arg>${URL_BASE}</arg>
<arg>chrome</arg>
<doc>Opens a new browser instance to the optional ``url``.</doc>
<status status="PASS" start="2026-03-10T08:49:36.719497" elapsed="2.422004"/>
</kw>
<status status="PASS" start="2026-03-10T08:49:36.718523" elapsed="2.423223"/>
</kw>
<kw name="And Eu preencho meu nome de usuário">
<kw name="Input Text" owner="SeleniumLibrary">
<msg time="2026-03-10T08:49:39.143774" level="INFO">Typing text 'admin' into text field 'xpath=//*[@id="usuario"]'.</msg>
<arg>${INPUT_NOMEUSUARIO}</arg>
<arg>admin</arg>
<doc>Types the given ``text`` into the text field identified by ``locator``.</doc>
<status status="PASS" start="2026-03-10T08:49:39.143051" elapsed="0.160702"/>
</kw>
<status status="PASS" start="2026-03-10T08:49:39.142391" elapsed="0.161619"/>
</kw>
<kw name="And Eu preencho minha senha de usuário">
<kw name="Input Text" owner="SeleniumLibrary">
<msg time="2026-03-10T08:49:39.305214" level="INFO">Typing text '123' into text field 'xpath=//*[@id="senha"]'.</msg>
<arg>${INPUT_SENHAUSUARIO}</arg>
<arg>123</arg>
<doc>Types the given ``text`` into the text field identified by ``locator``.</doc>
<status status="PASS" start="2026-03-10T08:49:39.304905" elapsed="0.246118"/>
</kw>
<status status="PASS" start="2026-03-10T08:49:39.304536" elapsed="0.247173"/>
</kw>
<kw name="And Eu solicito acesso ao sistema e sou redirecionado para o dashboard">
<kw name="Click Button" owner="SeleniumLibrary">
<msg time="2026-03-10T08:49:39.556067" level="INFO">Clicking button 'xpath=//*[@id="loginForm"]/button'.</msg>
<arg>${BUTTON_LOGIN}</arg>
<doc>Clicks the button identified by ``locator``.</doc>
<status status="PASS" start="2026-03-10T08:49:39.554783" elapsed="0.415803"/>
</kw>
<status status="PASS" start="2026-03-10T08:49:39.553343" elapsed="0.417652"/>
</kw>
<kw name="And Eu clico no menu de cadastro de produto">
<kw name="Click Link" owner="SeleniumLibrary">
<msg time="2026-03-10T08:49:39.975651" level="INFO">Clicking link 'xpath=/html/body/nav/div/div/a[2]'.</msg>
<arg>${MENU_CADASTRO}</arg>
<doc>Clicks a link identified by ``locator``.</doc>
<status status="PASS" start="2026-03-10T08:49:39.974548" elapsed="0.443444"/>
</kw>
<status status="PASS" start="2026-03-10T08:49:39.973159" elapsed="0.445515"/>
</kw>
<kw name="And Eu preencho o nome do produto">
<kw name="Input Text" owner="SeleniumLibrary">
<msg time="2026-03-10T08:49:40.422988" level="INFO">Typing text 'Produto Teste' into text field 'xpath=//*[@id="nome"]'.</msg>
<arg>${INPUT_NOMEPRODUTO}</arg>
<arg>Produto Teste</arg>
<doc>Types the given ``text`` into the text field identified by ``locator``.</doc>
<status status="PASS" start="2026-03-10T08:49:40.421631" elapsed="0.205090"/>
</kw>
<status status="PASS" start="2026-03-10T08:49:40.420215" elapsed="0.206904"/>
</kw>
<kw name="And Eu preencho a quantidade do produto">
<kw name="Input Text" owner="SeleniumLibrary">
<msg time="2026-03-10T08:49:40.632305" level="INFO">Typing text '10' into text field 'xpath=//*[@id="quantidade"]'.</msg>
<arg>${INPUT_QUANTIDADE}</arg>
<arg>10</arg>
<doc>Types the given ``text`` into the text field identified by ``locator``.</doc>
<status status="PASS" start="2026-03-10T08:49:40.630886" elapsed="0.225890"/>
</kw>
<status status="PASS" start="2026-03-10T08:49:40.629160" elapsed="0.227801"/>
</kw>
<kw name="When Eu confirmo a realização do cadastro do produto">
<kw name="Click Button" owner="SeleniumLibrary">
<msg time="2026-03-10T08:49:40.858584" level="INFO">Clicking button 'xpath=//*[@id="produtoForm"]/button'.</msg>
<arg>${BUTTON_CADASTRO}</arg>
<doc>Clicks the button identified by ``locator``.</doc>
<status status="PASS" start="2026-03-10T08:49:40.858264" elapsed="0.177596"/>
</kw>
<kw name="Sleep" owner="BuiltIn">
<msg time="2026-03-10T08:49:46.037901" level="INFO">Slept 5 seconds.</msg>
<arg>5s</arg>
<doc>Pauses the test executed for the given time.</doc>
<status status="PASS" start="2026-03-10T08:49:41.036479" elapsed="5.001694"/>
</kw>
<status status="PASS" start="2026-03-10T08:49:40.857779" elapsed="5.180664"/>
</kw>
<kw name="Then Eu sou informado que o produto foi cadastrado com sucesso">
<kw name="Element Should Contain" owner="SeleniumLibrary">
<msg time="2026-03-10T08:49:46.100491" level="INFO">Element 'xpath=//*[@id="mensagem"]' contains text 'Produto cadastrado com sucesso!'.</msg>
<arg>${MESSAGE_CADASTRO}</arg>
<arg>Produto cadastrado com sucesso!</arg>
<doc>Verifies that element ``locator`` contains text ``expected``.</doc>
<status status="PASS" start="2026-03-10T08:49:46.040518" elapsed="0.060104"/>
</kw>
<kw name="Capture Page Screenshot" owner="SeleniumLibrary">
<msg time="2026-03-10T08:49:46.259983" level="INFO" html="true">&lt;/td&gt;&lt;/tr&gt;&lt;tr&gt;&lt;td colspan="3"&gt;&lt;a href="../../screenshots/cadastro-de-produto-realizado-com-sucesso.png"&gt;&lt;img src="../../screenshots/cadastro-de-produto-realizado-com-sucesso.png" width="800px"&gt;&lt;/a&gt;</msg>
<arg>/screenshots/cadastro-de-produto-realizado-com-sucesso.png</arg>
<doc>Takes a screenshot of the current page and embeds it into a log file.</doc>
<status status="PASS" start="2026-03-10T08:49:46.100862" elapsed="0.159258"/>
</kw>
<status status="PASS" start="2026-03-10T08:49:46.039389" elapsed="0.220859"/>
</kw>
<status status="PASS" start="2026-03-10T08:49:36.717589" elapsed="9.543210"/>
</test>
<status status="PASS" start="2026-03-10T08:49:36.496568" elapsed="9.764965"/>
</suite>
<statistics>
<total>
<stat pass="1" fail="0" skip="0">All Tests</stat>
</total>
<tag>
</tag>
<suite>
<stat name="Cadastro-De-Produtos" id="s1" pass="1" fail="0" skip="0">Cadastro-De-Produtos</stat>
</suite>
</statistics>
<errors>
</errors>
</robot>
